Fri Nov 30 09:21:22 ICT 2018 : Apache Derby Network Server - 10.11.1.2 - (1629631) started and ready to accept connections on port 1527
----------------------------------------------------------------
Fri Nov 30 09:21:23 ICT 2018:
Booting Derby version The Apache Software Foundation - Apache Derby - 10.11.1.2 - (1629631): instance a816c00e-0167-626b-a898-ffffed145961 
on database directory /Users/macbook/Downloads/Read2MeDB/read2me with class loader sun.misc.Launcher$AppClassLoader@6f94fa3e 
Loaded from file:/Library/Java/JavaVirtualMachines/jdk1.8.0_141.jdk/Contents/Home/db/lib/derby.jar
java.vendor=Oracle Corporation
java.runtime.version=1.8.0_141-b15
user.dir=/Library/Java/JavaVirtualMachines/jdk1.8.0_141.jdk/Contents/Home/db
os.name=Mac OS X
os.arch=x86_64
os.version=10.13.3
derby.system.home=/Users/macbook/Downloads/Read2MeDB
Database Class Loader started - derby.database.classpath=''
----------------------------------------------------------------
Fri Nov 30 09:51:55 ICT 2018: Shutting down Derby engine
----------------------------------------------------------------
Fri Nov 30 09:51:55 ICT 2018:
Shutting down instance a816c00e-0167-626b-a898-ffffed145961 on database directory /Users/macbook/Downloads/Read2MeDB/read2me with class loader sun.misc.Launcher$AppClassLoader@6f94fa3e 
----------------------------------------------------------------
